2017-07-19 19:32:31 T 1500510751.0953 [entregarPedidoVentaLinea] **** Inicia entregarPedidoVentaLinea
2017-07-19 19:32:31 T 0.0013 [findFirst] SELECT * FROM hwt_pedido_venta WHERE num_pedido = 1000028 LIMIT 1
2017-07-19 19:32:31 T 0.0771 [*Process not defined!] {"current_field":null,"field_count":null,"lengths":null,"num_rows":null,"type":null}
2017-07-19 19:32:31 T 0.0006 [*Process not defined!] {"activeRecord":"1","rowid":"20","num_pedido":"1000028","situacion_pedido":"4","fecha_pedido":"2017-07-18","codigo_gerente_regional":"SANTIRV","codigo_vendedor":"GAGARCIA","codigo_consecionario":"CSN_CENTRO","codigo_sucursal":"CSN_CENTRO_SUC03","codigo_cliente":"1000001","cantidad_unidades":"2","valor_con_cargo_cliente":"23780","valor_sin_cargo_cliente":"1740","valor_subtotal_unidades":"1806000","valor_subtotal_adicionales":"20500","valor_subtotal":"1825980","valor_impuesto":"347805","valor_total":"2173780","tipo_entrega":"","codigo_consecionario_entrega":"CSN_NORTE","codigo_sucursal_entrega":"CSN_NORTE_MATRIZ","entrega_observaciones":"FAVOR DE ENTREGAR BIEN LAVADO Y CON ACCESORIOS.","integracion_num_pedido_erp":"12345","integracion_factura_fecha":"2017-07-20","integracion_factura_serie":"TXS","integracion_factura_folio":"234234","usuario_implantacion":"ERICKROCO","fecha_implantacion":"2017-07-18","usuario_actualizacion":"ERICKROCO","fecha_actualizacion":"2017-07-19","usuario_cancelacion":"","fecha_cancelacion":null}
2017-07-19 19:32:31 T 0.0001 [findFirst] SELECT * FROM hwt_pedido_venta_linea WHERE rowid = 52 LIMIT 1
2017-07-19 19:32:31 T 0.0844 [*Process not defined!] {"current_field":null,"field_count":null,"lengths":null,"num_rows":null,"type":null}
2017-07-19 19:32:31 T 0.0013 [updateRecord] INSERT INTO  hwt_pedido_venta_linea (num_pedido,num_partida,codigo,cantidad,valor_unitario,valor_impuestos,valor_partida,entrega_fecha,entrega_usuario) VALUES (1000028,10,'BW4968',1,1008000,192000,1200000,STR_TO_DATE('2017-07-19','%Y-%m-%d'),'ERICKROCO') ON DUPLICATE KEY UPDATE num_pedido=1000028,num_partida=10,codigo='BW4968',cantidad=1,valor_unitario=1008000,valor_impuestos=192000,valor_partida=1200000,entrega_fecha=STR_TO_DATE('2017-07-19','%Y-%m-%d'),entrega_usuario='ERICKROCO'
2017-07-19 19:32:31 T 0.0004 [findFirst] SELECT * FROM hwt_vehiculo WHERE codigo = BW4968 LIMIT 1
2017-07-19 19:32:31 T 0.0899 [*Process not defined!] false
2017-07-19 19:32:31 T 0.0023 [updateRecord] INSERT INTO  hwt_vehiculo (estado_unidad) VALUES ('VENDIDO') ON DUPLICATE KEY UPDATE estado_unidad='VENDIDO'
2017-07-19 19:32:31 T 0.0005 [getRecords] num_pedido ->  = 1000028
2017-07-19 19:32:31 T 0.0001 [getRecords] SELECT * FROM hwt_pedido_venta_linea WHERE num_pedido = 1000028 
2017-07-19 19:32:31 T 0.0861 [*Process not defined!] {"current_field":null,"field_count":null,"lengths":null,"num_rows":null,"type":null}
2017-07-19 19:32:31 T 0.0003 [findFirst] SELECT * FROM hwt_vehiculo WHERE codigo = "BW4968" LIMIT 1
2017-07-19 19:32:31 T 0.0852 [*Process not defined!] {"current_field":null,"field_count":null,"lengths":null,"num_rows":null,"type":null}
2017-07-19 19:32:31 T 0.0019 [*Process not defined!] >>>Estado de la Unidad: ASIGNADO
2017-07-19 19:32:31 T 0.0001 [findFirst] SELECT * FROM hwt_vehiculo WHERE codigo = "264369" LIMIT 1
2017-07-19 19:32:31 T 0.0828 [*Process not defined!] {"current_field":null,"field_count":null,"lengths":null,"num_rows":null,"type":null}
2017-07-19 19:32:31 T 0.0019 [*Process not defined!] >>>Estado de la Unidad: ASIGNADO
2017-07-19 19:32:31 T 0.0430 [datosPedidoVenta] iniciando la busqueda
2017-07-19 19:32:31 T 0.0001 [findFirst] SELECT * FROM hwt_pedido_venta WHERE num_pedido = 1000028 LIMIT 1
2017-07-19 19:32:31 T 0.0791 [*Process not defined!] {"current_field":null,"field_count":null,"lengths":null,"num_rows":null,"type":null}
2017-07-19 19:32:31 T 0.0006 [findFirst] SELECT * FROM hwt_cliente WHERE codigo_cliente = 1000001 LIMIT 1
2017-07-19 19:32:31 T 0.1074 [*Process not defined!] {"current_field":null,"field_count":null,"lengths":null,"num_rows":null,"type":null}
2017-07-19 19:32:31 T 0.0010 [findFirst] SELECT * FROM sys_usuario WHERE usuario = "ERICKROCO" LIMIT 1
2017-07-19 19:32:32 T 0.0973 [*Process not defined!] {"current_field":null,"field_count":null,"lengths":null,"num_rows":null,"type":null}
2017-07-19 19:32:32 T 0.0003 [findFirst] SELECT * FROM sys_usuario WHERE usuario = "ERICKROCO" LIMIT 1
2017-07-19 19:32:32 T 0.0942 [*Process not defined!] {"current_field":null,"field_count":null,"lengths":null,"num_rows":null,"type":null}
2017-07-19 19:32:32 T 0.0003 [findFirst] SELECT * FROM sys_usuario WHERE usuario = "" LIMIT 1
2017-07-19 19:32:32 T 0.0902 [*Process not defined!] {"current_field":null,"field_count":null,"lengths":null,"num_rows":null,"type":null}
2017-07-19 19:32:32 T 1500510752.4139 [getRecords] num_pedido ->  = 1000028
2017-07-19 19:32:32 T 0.0001 [getRecords] SELECT * FROM hwt_pedido_venta_linea WHERE num_pedido = 1000028 
2017-07-19 19:32:32 T 0.0670 [*Process not defined!] {"current_field":null,"field_count":null,"lengths":null,"num_rows":null,"type":null}
2017-07-19 19:32:32 T 0.0006 [findFirst] SELECT * FROM hwt_vehiculo WHERE codigo = "BW4968" LIMIT 1
2017-07-19 19:32:32 T 0.0814 [*Process not defined!] {"current_field":null,"field_count":null,"lengths":null,"num_rows":null,"type":null}
2017-07-19 19:32:32 T 0.0019 [findFirst] SELECT * FROM hwt_vehiculo WHERE codigo = "264369" LIMIT 1
2017-07-19 19:32:32 T 0.0860 [*Process not defined!] {"current_field":null,"field_count":null,"lengths":null,"num_rows":null,"type":null}
2017-07-19 19:33:15 T 1500510795.6446 [entregarPedidoVentaLinea] **** Inicia entregarPedidoVentaLinea
2017-07-19 19:33:15 T 0.0012 [findFirst] SELECT * FROM hwt_pedido_venta WHERE num_pedido = 1000028 LIMIT 1
2017-07-19 19:33:15 T 0.0795 [*Process not defined!] {"current_field":null,"field_count":null,"lengths":null,"num_rows":null,"type":null}
2017-07-19 19:33:15 T 0.0006 [*Process not defined!] {"activeRecord":"1","rowid":"20","num_pedido":"1000028","situacion_pedido":"4","fecha_pedido":"2017-07-18","codigo_gerente_regional":"SANTIRV","codigo_vendedor":"GAGARCIA","codigo_consecionario":"CSN_CENTRO","codigo_sucursal":"CSN_CENTRO_SUC03","codigo_cliente":"1000001","cantidad_unidades":"2","valor_con_cargo_cliente":"23780","valor_sin_cargo_cliente":"1740","valor_subtotal_unidades":"1806000","valor_subtotal_adicionales":"20500","valor_subtotal":"1825980","valor_impuesto":"347805","valor_total":"2173780","tipo_entrega":"","codigo_consecionario_entrega":"CSN_NORTE","codigo_sucursal_entrega":"CSN_NORTE_MATRIZ","entrega_observaciones":"FAVOR DE ENTREGAR BIEN LAVADO Y CON ACCESORIOS.","integracion_num_pedido_erp":"12345","integracion_factura_fecha":"2017-07-20","integracion_factura_serie":"TXS","integracion_factura_folio":"234234","usuario_implantacion":"ERICKROCO","fecha_implantacion":"2017-07-18","usuario_actualizacion":"ERICKROCO","fecha_actualizacion":"2017-07-19","usuario_cancelacion":"","fecha_cancelacion":null}
2017-07-19 19:33:15 T 0.0001 [findFirst] SELECT * FROM hwt_pedido_venta_linea WHERE rowid = 52 LIMIT 1
2017-07-19 19:33:15 T 0.0836 [*Process not defined!] {"current_field":null,"field_count":null,"lengths":null,"num_rows":null,"type":null}
2017-07-19 19:33:15 T 0.0013 [updateRecord] INSERT INTO  hwt_pedido_venta_linea (num_pedido,num_partida,codigo,cantidad,valor_unitario,valor_impuestos,valor_partida,entrega_fecha,entrega_usuario) VALUES (1000028,10,'BW4968',1,1008000,192000,1200000,STR_TO_DATE('2017-07-19','%Y-%m-%d'),'ERICKROCO') ON DUPLICATE KEY UPDATE num_pedido=1000028,num_partida=10,codigo='BW4968',cantidad=1,valor_unitario=1008000,valor_impuestos=192000,valor_partida=1200000,entrega_fecha=STR_TO_DATE('2017-07-19','%Y-%m-%d'),entrega_usuario='ERICKROCO'
2017-07-19 19:33:15 T 0.0004 [findFirst] SELECT * FROM hwt_vehiculo WHERE codigo = "BW4968" LIMIT 1
2017-07-19 19:33:15 T 0.0962 [*Process not defined!] {"current_field":null,"field_count":null,"lengths":null,"num_rows":null,"type":null}
2017-07-19 19:33:15 T 0.0082 [updateRecord] INSERT INTO  hwt_vehiculo (tipo_unidad,vin,codigo,ubicacion,modelo,marca,ann_unidad,estado_unidad,color,motor,modelo_motor,potencia_motor,numero_serie,marca_transmision,modelo_transmision,velocidades,relacion_dif,kilometraje,distancia_ejes,tipo_cabina,propietario_anterior,precio_sin_iva,precio_con_iva,fecha_publicacion,fecha_venta,traslado,suspension,odometro,hubometro,direccion_hidraulica,aire_acondicionado,sistema_hidraulico,motor_cpl,motor_horas,motor_freno,tipo_transmision,faldones_chasis,copete_deflector,extensiones_laterales,defensa,vicera_exterior,combustible_tipo,combustible_tanques,combustible_capacidad,cabina_tipo_interior,cabina_nivel_interior,cabina_tipo_vestidura,cabina_color_interior,cabina_doble_cama,cabina_dormitorio,rines_delanteros,llantas_delanteras_medidas,eje_delantero_marca,eje_delantero_capacidad,eje_delantero_posicion,rines_traseros,llantas_traseras_medidas,eje_trasero_marca,eje_trasero_capacidad,eje_trasero_tipo,eje_trasero_posicion,tercer_eje,quinta_rueda,frenos_eje_direccion,frenos_eje_traccion,frenos_tapas_polvo_frente,frenos_tapas_polvo_atras,frenos_tercer_eje,pintura_nueva,pintura_color,nombre_flota,contacto_nombre,contacto_correo,contacto_telefono,contacto_extension,direccion,ciudad,estado,pais,codigo_postal,estado_transmision,cabina_suspension_asientos,chasis,sistema_escape,toma_fuerza,cabina_tipo_asiento_operador,cabina_tipo_asiento_copiloto,sistema_hidraulico_componentes,serie_motor,tamano_unidad,set_delantero_llanta_izq,set_delantero_llanta_der,set_trasero1_llanta_izq_ext,set_trasero1_llanta_izq_int,set_trasero1_llanta_der_ext,set_trasero1_llanta_der_int,set_trasero2_llanta_izq_ext,set_trasero2_llanta_izq_int,set_trasero2_llanta_der_ext,set_trasero2_llanta_der_int,set_trasero3_llanta_izq_ext,set_trasero3_llanta_izq_int,set_trasero3_llanta_der_ext,set_trasero3_llanta_der_int,eje_delantero_izq,eje_delantero_der,eje_trasero1_izq,eje_trasero1_der,eje_trasero2_izq,eje_trasero2_der,eje_trasero3_izq,eje_trasero3_der,tanque1_material,tanque1_capacidad,tanque2_material,tanque2_capacidad,tanque3_material,tanque3_capacidad,radio_instalado,espejos,frenos) VALUES ('TRACTOCAMION','3AKJGLCK8CSBW4968','BW4968','MONTERREY','CASCADIA','FREIGTHLINER',2012,'VENDIDO','BLANCO','DETROIT DIESEL','DD60',430,'','EATON FULLER','RTLO16918B',18,3.91,962851,210,'INTEGRAL','',1034482,1200000,STR_TO_DATE('2017-05-16','%Y-%m-%d'),STR_TO_DATE('2017-05-31','%Y-%m-%d'),'NO','AIR LINER','','','INSTALADA','INSTALADO','NO INSTALADO','','','JACOBS','MANUAL','NO INSTALADOS','INSTALADO','INSTALADAS','AERODINAMICA FIBRA DE VIDRIO','FIBRA DE VIDRIO','DIESEL','','','ENVOLVENTE','','TELA','GRIS','NO INSTALADA','MID ROOF','ACERO','11R24.5','MERITOR',13200,'','ACERO','11R24.5','MERITOR',46000,'TANDEM','','','FIJA','','','NO','NO','','NO','','','','','','','','','','','','','','ACERO','VERTICAL SENCILLO','NO INSTALADA','SUSPENSION NEUMATICA','FIJO','','06R1050860','42"','10','10','10','10','10','10','10','10','10','10','','','','','50','50','50','50','50','50','','','ALUMINIO','150','ALUMINIO','150','','120','NO','0','0') ON DUPLICATE KEY UPDATE tipo_unidad='TRACTOCAMION',vin='3AKJGLCK8CSBW4968',codigo='BW4968',ubicacion='MONTERREY',modelo='CASCADIA',marca='FREIGTHLINER',ann_unidad=2012,estado_unidad='VENDIDO',color='BLANCO',motor='DETROIT DIESEL',modelo_motor='DD60',potencia_motor=430,numero_serie='',marca_transmision='EATON FULLER',modelo_transmision='RTLO16918B',velocidades=18,relacion_dif=3.91,kilometraje=962851,distancia_ejes=210,tipo_cabina='INTEGRAL',propietario_anterior='',precio_sin_iva=1034482,precio_con_iva=1200000,fecha_publicacion=STR_TO_DATE('2017-05-16','%Y-%m-%d'),fecha_venta=STR_TO_DATE('2017-05-31','%Y-%m-%d'),traslado='NO',suspension='AIR LINER',odometro='',hubometro='',direccion_hidraulica='INSTALADA',aire_acondicionado='INSTALADO',sistema_hidraulico='NO INSTALADO',motor_cpl='',motor_horas='',motor_freno='JACOBS',tipo_transmision='MANUAL',faldones_chasis='NO INSTALADOS',copete_deflector='INSTALADO',extensiones_laterales='INSTALADAS',defensa='AERODINAMICA FIBRA DE VIDRIO',vicera_exterior='FIBRA DE VIDRIO',combustible_tipo='DIESEL',combustible_tanques='',combustible_capacidad='',cabina_tipo_interior='ENVOLVENTE',cabina_nivel_interior='',cabina_tipo_vestidura='TELA',cabina_color_interior='GRIS',cabina_doble_cama='NO INSTALADA',cabina_dormitorio='MID ROOF',rines_delanteros='ACERO',llantas_delanteras_medidas='11R24.5',eje_delantero_marca='MERITOR',eje_delantero_capacidad=13200,eje_delantero_posicion='',rines_traseros='ACERO',llantas_traseras_medidas='11R24.5',eje_trasero_marca='MERITOR',eje_trasero_capacidad=46000,eje_trasero_tipo='TANDEM',eje_trasero_posicion='',tercer_eje='',quinta_rueda='FIJA',frenos_eje_direccion='',frenos_eje_traccion='',frenos_tapas_polvo_frente='NO',frenos_tapas_polvo_atras='NO',frenos_tercer_eje='',pintura_nueva='NO',pintura_color='',nombre_flota='',contacto_nombre='',contacto_correo='',contacto_telefono='',contacto_extension='',direccion='',ciudad='',estado='',pais='',codigo_postal='',estado_transmision='',cabina_suspension_asientos='',chasis='ACERO',sistema_escape='VERTICAL SENCILLO',toma_fuerza='NO INSTALADA',cabina_tipo_asiento_operador='SUSPENSION NEUMATICA',cabina_tipo_asiento_copiloto='FIJO',sistema_hidraulico_componentes='',serie_motor='06R1050860',tamano_unidad='42"',set_delantero_llanta_izq='10',set_delantero_llanta_der='10',set_trasero1_llanta_izq_ext='10',set_trasero1_llanta_izq_int='10',set_trasero1_llanta_der_ext='10',set_trasero1_llanta_der_int='10',set_trasero2_llanta_izq_ext='10',set_trasero2_llanta_izq_int='10',set_trasero2_llanta_der_ext='10',set_trasero2_llanta_der_int='10',set_trasero3_llanta_izq_ext='',set_trasero3_llanta_izq_int='',set_trasero3_llanta_der_ext='',set_trasero3_llanta_der_int='',eje_delantero_izq='50',eje_delantero_der='50',eje_trasero1_izq='50',eje_trasero1_der='50',eje_trasero2_izq='50',eje_trasero2_der='50',eje_trasero3_izq='',eje_trasero3_der='',tanque1_material='ALUMINIO',tanque1_capacidad='150',tanque2_material='ALUMINIO',tanque2_capacidad='150',tanque3_material='',tanque3_capacidad='120',radio_instalado='NO',espejos='0',frenos='0'
2017-07-19 19:33:15 T 0.0011 [getRecords] num_pedido ->  = 1000028
2017-07-19 19:33:15 T 0.0001 [getRecords] SELECT * FROM hwt_pedido_venta_linea WHERE num_pedido = 1000028 
2017-07-19 19:33:16 T 0.0857 [*Process not defined!] {"current_field":null,"field_count":null,"lengths":null,"num_rows":null,"type":null}
2017-07-19 19:33:16 T 0.0003 [findFirst] SELECT * FROM hwt_vehiculo WHERE codigo = "BW4968" LIMIT 1
2017-07-19 19:33:16 T 0.0875 [*Process not defined!] {"current_field":null,"field_count":null,"lengths":null,"num_rows":null,"type":null}
2017-07-19 19:33:16 T 0.0021 [*Process not defined!] >>>Estado de la Unidad: VENDIDO
2017-07-19 19:33:16 T 0.0001 [findFirst] SELECT * FROM hwt_vehiculo WHERE codigo = "264369" LIMIT 1
2017-07-19 19:33:16 T 0.0867 [*Process not defined!] {"current_field":null,"field_count":null,"lengths":null,"num_rows":null,"type":null}
2017-07-19 19:33:16 T 0.0019 [*Process not defined!] >>>Estado de la Unidad: ASIGNADO
2017-07-19 19:33:16 T 0.0464 [datosPedidoVenta] iniciando la busqueda
2017-07-19 19:33:16 T 0.0001 [findFirst] SELECT * FROM hwt_pedido_venta WHERE num_pedido = 1000028 LIMIT 1
2017-07-19 19:33:16 T 0.0811 [*Process not defined!] {"current_field":null,"field_count":null,"lengths":null,"num_rows":null,"type":null}
2017-07-19 19:33:16 T 0.0007 [findFirst] SELECT * FROM hwt_cliente WHERE codigo_cliente = 1000001 LIMIT 1
2017-07-19 19:33:16 T 0.1080 [*Process not defined!] {"current_field":null,"field_count":null,"lengths":null,"num_rows":null,"type":null}
2017-07-19 19:33:16 T 0.0004 [findFirst] SELECT * FROM sys_usuario WHERE usuario = "ERICKROCO" LIMIT 1
2017-07-19 19:33:16 T 0.0990 [*Process not defined!] {"current_field":null,"field_count":null,"lengths":null,"num_rows":null,"type":null}
2017-07-19 19:33:16 T 0.0003 [findFirst] SELECT * FROM sys_usuario WHERE usuario = "ERICKROCO" LIMIT 1
2017-07-19 19:33:16 T 0.0922 [*Process not defined!] {"current_field":null,"field_count":null,"lengths":null,"num_rows":null,"type":null}
2017-07-19 19:33:16 T 0.0003 [findFirst] SELECT * FROM sys_usuario WHERE usuario = "" LIMIT 1
2017-07-19 19:33:16 T 0.0925 [*Process not defined!] {"current_field":null,"field_count":null,"lengths":null,"num_rows":null,"type":null}
2017-07-19 19:33:16 T 1500510796.9915 [getRecords] num_pedido ->  = 1000028
2017-07-19 19:33:16 T 0.0000 [getRecords] SELECT * FROM hwt_pedido_venta_linea WHERE num_pedido = 1000028 
2017-07-19 19:33:17 T 0.0664 [*Process not defined!] {"current_field":null,"field_count":null,"lengths":null,"num_rows":null,"type":null}
2017-07-19 19:33:17 T 0.0003 [findFirst] SELECT * FROM hwt_vehiculo WHERE codigo = "BW4968" LIMIT 1
2017-07-19 19:33:17 T 0.0805 [*Process not defined!] {"current_field":null,"field_count":null,"lengths":null,"num_rows":null,"type":null}
2017-07-19 19:33:17 T 0.0019 [findFirst] SELECT * FROM hwt_vehiculo WHERE codigo = "264369" LIMIT 1
2017-07-19 19:33:17 T 0.0891 [*Process not defined!] {"current_field":null,"field_count":null,"lengths":null,"num_rows":null,"type":null}
2017-07-19 19:33:26 T 1500510806.6505 [entregarPedidoVentaLinea] **** Inicia entregarPedidoVentaLinea
2017-07-19 19:33:26 T 0.0112 [findFirst] SELECT * FROM hwt_pedido_venta WHERE num_pedido = 1000028 LIMIT 1
2017-07-19 19:33:26 T 0.0794 [*Process not defined!] {"current_field":null,"field_count":null,"lengths":null,"num_rows":null,"type":null}
2017-07-19 19:33:26 T 0.0006 [*Process not defined!] {"activeRecord":"1","rowid":"20","num_pedido":"1000028","situacion_pedido":"4","fecha_pedido":"2017-07-18","codigo_gerente_regional":"SANTIRV","codigo_vendedor":"GAGARCIA","codigo_consecionario":"CSN_CENTRO","codigo_sucursal":"CSN_CENTRO_SUC03","codigo_cliente":"1000001","cantidad_unidades":"2","valor_con_cargo_cliente":"23780","valor_sin_cargo_cliente":"1740","valor_subtotal_unidades":"1806000","valor_subtotal_adicionales":"20500","valor_subtotal":"1825980","valor_impuesto":"347805","valor_total":"2173780","tipo_entrega":"","codigo_consecionario_entrega":"CSN_NORTE","codigo_sucursal_entrega":"CSN_NORTE_MATRIZ","entrega_observaciones":"FAVOR DE ENTREGAR BIEN LAVADO Y CON ACCESORIOS.","integracion_num_pedido_erp":"12345","integracion_factura_fecha":"2017-07-20","integracion_factura_serie":"TXS","integracion_factura_folio":"234234","usuario_implantacion":"ERICKROCO","fecha_implantacion":"2017-07-18","usuario_actualizacion":"ERICKROCO","fecha_actualizacion":"2017-07-19","usuario_cancelacion":"","fecha_cancelacion":null}
2017-07-19 19:33:26 T 0.0001 [findFirst] SELECT * FROM hwt_pedido_venta_linea WHERE rowid = 53 LIMIT 1
2017-07-19 19:33:26 T 0.0840 [*Process not defined!] {"current_field":null,"field_count":null,"lengths":null,"num_rows":null,"type":null}
2017-07-19 19:33:26 T 0.0015 [updateRecord] INSERT INTO  hwt_pedido_venta_linea (num_pedido,num_partida,codigo,cantidad,valor_unitario,valor_impuestos,valor_partida,entrega_fecha,entrega_usuario) VALUES (1000028,20,'264369',1,798000,152000,950000,STR_TO_DATE('2017-07-19','%Y-%m-%d'),'ERICKROCO') ON DUPLICATE KEY UPDATE num_pedido=1000028,num_partida=20,codigo='264369',cantidad=1,valor_unitario=798000,valor_impuestos=152000,valor_partida=950000,entrega_fecha=STR_TO_DATE('2017-07-19','%Y-%m-%d'),entrega_usuario='ERICKROCO'
2017-07-19 19:33:26 T 0.0006 [findFirst] SELECT * FROM hwt_vehiculo WHERE codigo = "264369" LIMIT 1
2017-07-19 19:33:26 T 0.0932 [*Process not defined!] {"current_field":null,"field_count":null,"lengths":null,"num_rows":null,"type":null}
2017-07-19 19:33:26 T 0.0079 [updateRecord] INSERT INTO  hwt_vehiculo (tipo_unidad,vin,codigo,ubicacion,modelo,marca,ann_unidad,estado_unidad,color,motor,modelo_motor,potencia_motor,numero_serie,marca_transmision,modelo_transmision,velocidades,relacion_dif,kilometraje,distancia_ejes,tipo_cabina,propietario_anterior,precio_sin_iva,precio_con_iva,fecha_publicacion,fecha_venta,traslado,suspension,odometro,hubometro,direccion_hidraulica,aire_acondicionado,sistema_hidraulico,motor_cpl,motor_horas,motor_freno,tipo_transmision,faldones_chasis,copete_deflector,extensiones_laterales,defensa,vicera_exterior,combustible_tipo,combustible_tanques,combustible_capacidad,cabina_tipo_interior,cabina_nivel_interior,cabina_tipo_vestidura,cabina_color_interior,cabina_doble_cama,cabina_dormitorio,rines_delanteros,llantas_delanteras_medidas,eje_delantero_marca,eje_delantero_capacidad,eje_delantero_posicion,rines_traseros,llantas_traseras_medidas,eje_trasero_marca,eje_trasero_capacidad,eje_trasero_tipo,eje_trasero_posicion,tercer_eje,quinta_rueda,frenos_eje_direccion,frenos_eje_traccion,frenos_tapas_polvo_frente,frenos_tapas_polvo_atras,frenos_tercer_eje,pintura_nueva,pintura_color,nombre_flota,contacto_nombre,contacto_correo,contacto_telefono,contacto_extension,direccion,ciudad,estado,pais,codigo_postal,estado_transmision,cabina_suspension_asientos,chasis,sistema_escape,toma_fuerza,cabina_tipo_asiento_operador,cabina_tipo_asiento_copiloto,sistema_hidraulico_componentes,serie_motor,tamano_unidad,set_delantero_llanta_izq,set_delantero_llanta_der,set_trasero1_llanta_izq_ext,set_trasero1_llanta_izq_int,set_trasero1_llanta_der_ext,set_trasero1_llanta_der_int,set_trasero2_llanta_izq_ext,set_trasero2_llanta_izq_int,set_trasero2_llanta_der_ext,set_trasero2_llanta_der_int,set_trasero3_llanta_izq_ext,set_trasero3_llanta_izq_int,set_trasero3_llanta_der_ext,set_trasero3_llanta_der_int,eje_delantero_izq,eje_delantero_der,eje_trasero1_izq,eje_trasero1_der,eje_trasero2_izq,eje_trasero2_der,eje_trasero3_izq,eje_trasero3_der,tanque1_material,tanque1_capacidad,tanque2_material,tanque2_capacidad,tanque3_material,tanque3_capacidad,radio_instalado,espejos,frenos) VALUES ('TRACTOCAMION','3HSCEAPT0AN264369','264369','MONTERREY','9200I','INTERNATIONAL',2010,'VENDIDO','BLANCO','CUMMINS','ISX',450,'','EATON FULLER','RTLO16918B',18,4.56,750000,210,'INTEGRAL','',798000,950000,STR_TO_DATE('2017-05-16','%Y-%m-%d'),STR_TO_DATE('2017-05-31','%Y-%m-%d'),'NO','HAS HENDRIKSON','','','INSTALADA','INSTALADO','NO INSTALADO','3229','','JACOBS','MANUAL','NO INSTALADOS','INSTALADO','INSTALADAS','AERODINAMICA CROMADA','FIBRA DE VIDRIO','DIESEL','','','AMERICAN CLASSIC','','TELA','BEIGE','NO INSTALADA','FLAT TOP','ACERO','11R24.5','MERITOR',13200,'','ACERO','11R24.5','MERITOR',46000,'TANDEM','','','FIJA','','','NO','NO','','NO','','','','','','','','','','','','','','ACERO','VERTICAL SENCILLO','NO INSTALADA','SUSPENSION NEUMATICA','FIJO','','000000','42"','10','10','8','8','8','8','8','8','8','8','','','','','50','50','50','50','50','50','','','ALUMINIO','120','ALUMINIO','120','','120','NO','0','0') ON DUPLICATE KEY UPDATE tipo_unidad='TRACTOCAMION',vin='3HSCEAPT0AN264369',codigo='264369',ubicacion='MONTERREY',modelo='9200I',marca='INTERNATIONAL',ann_unidad=2010,estado_unidad='VENDIDO',color='BLANCO',motor='CUMMINS',modelo_motor='ISX',potencia_motor=450,numero_serie='',marca_transmision='EATON FULLER',modelo_transmision='RTLO16918B',velocidades=18,relacion_dif=4.56,kilometraje=750000,distancia_ejes=210,tipo_cabina='INTEGRAL',propietario_anterior='',precio_sin_iva=798000,precio_con_iva=950000,fecha_publicacion=STR_TO_DATE('2017-05-16','%Y-%m-%d'),fecha_venta=STR_TO_DATE('2017-05-31','%Y-%m-%d'),traslado='NO',suspension='HAS HENDRIKSON',odometro='',hubometro='',direccion_hidraulica='INSTALADA',aire_acondicionado='INSTALADO',sistema_hidraulico='NO INSTALADO',motor_cpl='3229',motor_horas='',motor_freno='JACOBS',tipo_transmision='MANUAL',faldones_chasis='NO INSTALADOS',copete_deflector='INSTALADO',extensiones_laterales='INSTALADAS',defensa='AERODINAMICA CROMADA',vicera_exterior='FIBRA DE VIDRIO',combustible_tipo='DIESEL',combustible_tanques='',combustible_capacidad='',cabina_tipo_interior='AMERICAN CLASSIC',cabina_nivel_interior='',cabina_tipo_vestidura='TELA',cabina_color_interior='BEIGE',cabina_doble_cama='NO INSTALADA',cabina_dormitorio='FLAT TOP',rines_delanteros='ACERO',llantas_delanteras_medidas='11R24.5',eje_delantero_marca='MERITOR',eje_delantero_capacidad=13200,eje_delantero_posicion='',rines_traseros='ACERO',llantas_traseras_medidas='11R24.5',eje_trasero_marca='MERITOR',eje_trasero_capacidad=46000,eje_trasero_tipo='TANDEM',eje_trasero_posicion='',tercer_eje='',quinta_rueda='FIJA',frenos_eje_direccion='',frenos_eje_traccion='',frenos_tapas_polvo_frente='NO',frenos_tapas_polvo_atras='NO',frenos_tercer_eje='',pintura_nueva='NO',pintura_color='',nombre_flota='',contacto_nombre='',contacto_correo='',contacto_telefono='',contacto_extension='',direccion='',ciudad='',estado='',pais='',codigo_postal='',estado_transmision='',cabina_suspension_asientos='',chasis='ACERO',sistema_escape='VERTICAL SENCILLO',toma_fuerza='NO INSTALADA',cabina_tipo_asiento_operador='SUSPENSION NEUMATICA',cabina_tipo_asiento_copiloto='FIJO',sistema_hidraulico_componentes='',serie_motor='000000',tamano_unidad='42"',set_delantero_llanta_izq='10',set_delantero_llanta_der='10',set_trasero1_llanta_izq_ext='8',set_trasero1_llanta_izq_int='8',set_trasero1_llanta_der_ext='8',set_trasero1_llanta_der_int='8',set_trasero2_llanta_izq_ext='8',set_trasero2_llanta_izq_int='8',set_trasero2_llanta_der_ext='8',set_trasero2_llanta_der_int='8',set_trasero3_llanta_izq_ext='',set_trasero3_llanta_izq_int='',set_trasero3_llanta_der_ext='',set_trasero3_llanta_der_int='',eje_delantero_izq='50',eje_delantero_der='50',eje_trasero1_izq='50',eje_trasero1_der='50',eje_trasero2_izq='50',eje_trasero2_der='50',eje_trasero3_izq='',eje_trasero3_der='',tanque1_material='ALUMINIO',tanque1_capacidad='120',tanque2_material='ALUMINIO',tanque2_capacidad='120',tanque3_material='',tanque3_capacidad='120',radio_instalado='NO',espejos='0',frenos='0'
2017-07-19 19:33:26 T 0.0008 [getRecords] num_pedido ->  = 1000028
2017-07-19 19:33:26 T 0.0001 [getRecords] SELECT * FROM hwt_pedido_venta_linea WHERE num_pedido = 1000028 
2017-07-19 19:33:27 T 0.0847 [*Process not defined!] {"current_field":null,"field_count":null,"lengths":null,"num_rows":null,"type":null}
2017-07-19 19:33:27 T 0.0004 [findFirst] SELECT * FROM hwt_vehiculo WHERE codigo = "BW4968" LIMIT 1
2017-07-19 19:33:27 T 0.0870 [*Process not defined!] {"current_field":null,"field_count":null,"lengths":null,"num_rows":null,"type":null}
2017-07-19 19:33:27 T 0.0019 [*Process not defined!] >>>Estado de la Unidad: VENDIDO
2017-07-19 19:33:27 T 0.0001 [findFirst] SELECT * FROM hwt_vehiculo WHERE codigo = "264369" LIMIT 1
2017-07-19 19:33:27 T 0.0864 [*Process not defined!] {"current_field":null,"field_count":null,"lengths":null,"num_rows":null,"type":null}
2017-07-19 19:33:27 T 0.0019 [*Process not defined!] >>>Estado de la Unidad: VENDIDO
2017-07-19 19:33:27 T 0.0021 [updateRecord] INSERT INTO  hwt_pedido_venta (num_pedido,situacion_pedido,fecha_pedido,codigo_gerente_regional,codigo_vendedor,codigo_consecionario,codigo_sucursal,codigo_cliente,cantidad_unidades,valor_con_cargo_cliente,valor_sin_cargo_cliente,valor_subtotal_unidades,valor_subtotal_adicionales,valor_subtotal,valor_impuesto,valor_total,tipo_entrega,codigo_consecionario_entrega,codigo_sucursal_entrega,entrega_observaciones,integracion_num_pedido_erp,integracion_factura_fecha,integracion_factura_serie,integracion_factura_folio,usuario_implantacion,fecha_implantacion,usuario_actualizacion,fecha_actualizacion,usuario_cancelacion,fecha_cancelacion) VALUES (1000028,'5',STR_TO_DATE('2017-07-18','%Y-%m-%d'),'SANTIRV','GAGARCIA','CSN_CENTRO','CSN_CENTRO_SUC03',1000001,2,23780,1740,1806000,20500,1825980,347805,2173780,'','CSN_NORTE','CSN_NORTE_MATRIZ','FAVOR DE ENTREGAR BIEN LAVADO Y CON ACCESORIOS.','12345',STR_TO_DATE('2017-07-20','%Y-%m-%d'),'TXS','234234','ERICKROCO',STR_TO_DATE('2017-07-18','%Y-%m-%d'),'ERICKROCO',STR_TO_DATE('2017-07-19','%Y-%m-%d'),'',STR_TO_DATE(null,'%m-%d-%Y')) ON DUPLICATE KEY UPDATE num_pedido=1000028,situacion_pedido='5',fecha_pedido=STR_TO_DATE('2017-07-18','%Y-%m-%d'),codigo_gerente_regional='SANTIRV',codigo_vendedor='GAGARCIA',codigo_consecionario='CSN_CENTRO',codigo_sucursal='CSN_CENTRO_SUC03',codigo_cliente=1000001,cantidad_unidades=2,valor_con_cargo_cliente=23780,valor_sin_cargo_cliente=1740,valor_subtotal_unidades=1806000,valor_subtotal_adicionales=20500,valor_subtotal=1825980,valor_impuesto=347805,valor_total=2173780,tipo_entrega='',codigo_consecionario_entrega='CSN_NORTE',codigo_sucursal_entrega='CSN_NORTE_MATRIZ',entrega_observaciones='FAVOR DE ENTREGAR BIEN LAVADO Y CON ACCESORIOS.',integracion_num_pedido_erp='12345',integracion_factura_fecha=STR_TO_DATE('2017-07-20','%Y-%m-%d'),integracion_factura_serie='TXS',integracion_factura_folio='234234',usuario_implantacion='ERICKROCO',fecha_implantacion=STR_TO_DATE('2017-07-18','%Y-%m-%d'),usuario_actualizacion='ERICKROCO',fecha_actualizacion=STR_TO_DATE('2017-07-19','%Y-%m-%d'),usuario_cancelacion='',fecha_cancelacion=STR_TO_DATE(null,'%m-%d-%Y')
2017-07-19 19:33:27 T 0.0480 [datosPedidoVenta] iniciando la busqueda
2017-07-19 19:33:27 T 0.0001 [findFirst] SELECT * FROM hwt_pedido_venta WHERE num_pedido = 1000028 LIMIT 1
2017-07-19 19:33:27 T 0.0793 [*Process not defined!] {"current_field":null,"field_count":null,"lengths":null,"num_rows":null,"type":null}
2017-07-19 19:33:27 T 0.0006 [findFirst] SELECT * FROM hwt_cliente WHERE codigo_cliente = 1000001 LIMIT 1
2017-07-19 19:33:27 T 0.0900 [*Process not defined!] {"current_field":null,"field_count":null,"lengths":null,"num_rows":null,"type":null}
2017-07-19 19:33:27 T 0.0004 [findFirst] SELECT * FROM sys_usuario WHERE usuario = "ERICKROCO" LIMIT 1
2017-07-19 19:33:27 T 0.0907 [*Process not defined!] {"current_field":null,"field_count":null,"lengths":null,"num_rows":null,"type":null}
2017-07-19 19:33:27 T 0.0003 [findFirst] SELECT * FROM sys_usuario WHERE usuario = "ERICKROCO" LIMIT 1
2017-07-19 19:33:27 T 0.1003 [*Process not defined!] {"current_field":null,"field_count":null,"lengths":null,"num_rows":null,"type":null}
2017-07-19 19:33:27 T 0.0003 [findFirst] SELECT * FROM sys_usuario WHERE usuario = "" LIMIT 1
2017-07-19 19:33:27 T 0.0998 [*Process not defined!] {"current_field":null,"field_count":null,"lengths":null,"num_rows":null,"type":null}
2017-07-19 19:33:28 T 1500510808.0012 [getRecords] num_pedido ->  = 1000028
2017-07-19 19:33:28 T 0.0001 [getRecords] SELECT * FROM hwt_pedido_venta_linea WHERE num_pedido = 1000028 
2017-07-19 19:33:28 T 0.0664 [*Process not defined!] {"current_field":null,"field_count":null,"lengths":null,"num_rows":null,"type":null}
2017-07-19 19:33:28 T 0.0003 [findFirst] SELECT * FROM hwt_vehiculo WHERE codigo = "BW4968" LIMIT 1
2017-07-19 19:33:28 T 0.0813 [*Process not defined!] {"current_field":null,"field_count":null,"lengths":null,"num_rows":null,"type":null}
2017-07-19 19:33:28 T 0.0019 [findFirst] SELECT * FROM hwt_vehiculo WHERE codigo = "264369" LIMIT 1
2017-07-19 19:33:28 T 0.0866 [*Process not defined!] {"current_field":null,"field_count":null,"lengths":null,"num_rows":null,"type":null}
2017-07-19 19:33:32 T 1500510812.5293 [getRecords] situacion_pedido ->  = "4"
2017-07-19 19:33:32 T 0.0001 [getRecords] SELECT * FROM hwt_pedido_venta WHERE situacion_pedido = "4" 
2017-07-19 19:33:32 T 0.0808 [*Process not defined!] {"current_field":null,"field_count":null,"lengths":null,"num_rows":null,"type":null}
2017-07-19 19:33:32 T 0.0401 [*Process not defined!] Buscando Parametro: combos_pedido.situacion_pedido
2017-07-19 19:33:34 T 1500510814.4410 [getRecords] situacion_pedido ->  = "5"
2017-07-19 19:33:34 T 0.0001 [getRecords] SELECT * FROM hwt_pedido_venta WHERE situacion_pedido = "5" 
2017-07-19 19:33:34 T 0.0689 [*Process not defined!] {"current_field":null,"field_count":null,"lengths":null,"num_rows":null,"type":null}
2017-07-19 19:33:34 T 0.0394 [*Process not defined!] Buscando Parametro: combos_pedido.situacion_pedido
2017-07-19 19:33:40 T 1500510820.9600 [getRecords] situacion_pedido ->  = "1"
2017-07-19 19:33:40 T 0.0001 [getRecords] SELECT * FROM hwt_pedido_venta WHERE situacion_pedido = "1" 
2017-07-19 19:33:41 T 0.0707 [*Process not defined!] {"current_field":null,"field_count":null,"lengths":null,"num_rows":null,"type":null}
2017-07-19 19:33:41 T 0.0435 [*Process not defined!] Buscando Parametro: combos_pedido.situacion_pedido
2017-07-19 19:36:30 T 1500510990.2723 [getRecords] situacion_pedido ->  = "5"
2017-07-19 19:36:30 T 0.0001 [getRecords] SELECT * FROM hwt_pedido_venta WHERE situacion_pedido = "5" 
2017-07-19 19:36:30 T 0.0713 [*Process not defined!] {"current_field":null,"field_count":null,"lengths":null,"num_rows":null,"type":null}
2017-07-19 19:36:30 T 0.0559 [*Process not defined!] Buscando Parametro: combos_pedido.situacion_pedido
2017-07-19 19:36:35 T 1500510995.2438 [getRecords] situacion_pedido ->  = "4"
2017-07-19 19:36:35 T 0.0001 [getRecords] SELECT * FROM hwt_pedido_venta WHERE situacion_pedido = "4" 
2017-07-19 19:36:35 T 0.0720 [*Process not defined!] {"current_field":null,"field_count":null,"lengths":null,"num_rows":null,"type":null}
2017-07-19 19:36:35 T 0.0370 [*Process not defined!] Buscando Parametro: combos_pedido.situacion_pedido
2017-07-19 19:36:37 T 1500510997.4324 [getRecords] situacion_pedido ->  = "5"
2017-07-19 19:36:37 T 0.0001 [getRecords] SELECT * FROM hwt_pedido_venta WHERE situacion_pedido = "5" 
2017-07-19 19:36:37 T 0.0699 [*Process not defined!] {"current_field":null,"field_count":null,"lengths":null,"num_rows":null,"type":null}
2017-07-19 19:36:37 T 0.0406 [*Process not defined!] Buscando Parametro: combos_pedido.situacion_pedido
2017-07-19 19:36:52 T 1500511012.2108 [getRecords] situacion_pedido ->  = "4"
2017-07-19 19:36:52 T 0.0001 [getRecords] SELECT * FROM hwt_pedido_venta WHERE situacion_pedido = "4" 
2017-07-19 19:36:52 T 0.0699 [*Process not defined!] {"current_field":null,"field_count":null,"lengths":null,"num_rows":null,"type":null}
2017-07-19 19:36:52 T 0.0389 [*Process not defined!] Buscando Parametro: combos_pedido.situacion_pedido
2017-07-19 19:36:53 T 1500511013.7304 [getRecords] situacion_pedido ->  = "1"
2017-07-19 19:36:53 T 0.0001 [getRecords] SELECT * FROM hwt_pedido_venta WHERE situacion_pedido = "1" 
2017-07-19 19:36:53 T 0.0695 [*Process not defined!] {"current_field":null,"field_count":null,"lengths":null,"num_rows":null,"type":null}
2017-07-19 19:36:53 T 0.0412 [*Process not defined!] Buscando Parametro: combos_pedido.situacion_pedido
